<?xml version="1.0" encoding="UTF-8"?>
<testsuite xmlns:xsi="http://www.w3.org/2001/XMLSchema-instance" xsi:noNamespaceSchemaLocation="https://maven.apache.org/surefire/maven-surefire-plugin/xsd/surefire-test-report.xsd" version="3.0.2" name="br.com.frederico.vr.VrApplicationTests" time="4.658" tests="1" errors="0" skipped="0" failures="0">
  <properties>
    <property name="java.specification.version" value="23"/>
    <property name="sun.jnu.encoding" value="UTF-8"/>
    <property name="java.class.path" value="/Users/fredericocarvalhodealmeidaazevedo/Documents/Desenvolvimento/VR/teste-vr/target/test-classes:/Users/fredericocarvalhodealmeidaazevedo/Documents/Desenvolvimento/VR/teste-vr/target/classes:/Users/fredericocarvalhodealmeidaazevedo/.m2/repository/org/springframework/boot/spring-boot-starter-data-jpa/3.5.3/spring-boot-starter-data-jpa-3.5.3.jar:/Users/fredericocarvalhodealmeidaazevedo/.m2/repository/org/springframework/boot/spring-boot-starter/3.5.3/spring-boot-starter-3.5.3.jar:/Users/fredericocarvalhodealmeidaazevedo/.m2/repository/org/springframework/boot/spring-boot-starter-logging/3.5.3/spring-boot-starter-logging-3.5.3.jar:/Users/fredericocarvalhodealmeidaazevedo/.m2/repository/ch/qos/logback/logback-classic/1.5.18/logback-classic-1.5.18.jar:/Users/fredericocarvalhodealmeidaazevedo/.m2/repository/ch/qos/logback/logback-core/1.5.18/logback-core-1.5.18.jar:/Users/fredericocarvalhodealmeidaazevedo/.m2/repository/org/apache/logging/log4j/log4j-to-slf4j/2.24.3/log4j-to-slf4j-2.24.3.jar:/Users/fredericocarvalhodealmeidaazevedo/.m2/repository/org/apache/logging/log4j/log4j-api/2.24.3/log4j-api-2.24.3.jar:/Users/fredericocarvalhodealmeidaazevedo/.m2/repository/org/slf4j/jul-to-slf4j/2.0.17/jul-to-slf4j-2.0.17.jar:/Users/fredericocarvalhodealmeidaazevedo/.m2/repository/jakarta/annotation/jakarta.annotation-api/2.1.1/jakarta.annotation-api-2.1.1.jar:/Users/fredericocarvalhodealmeidaazevedo/.m2/repository/org/yaml/snakeyaml/2.4/snakeyaml-2.4.jar:/Users/fredericocarvalhodealmeidaazevedo/.m2/repository/org/springframework/boot/spring-boot-starter-jdbc/3.5.3/spring-boot-starter-jdbc-3.5.3.jar:/Users/fredericocarvalhodealmeidaazevedo/.m2/repository/com/zaxxer/HikariCP/6.3.0/HikariCP-6.3.0.jar:/Users/fredericocarvalhodealmeidaazevedo/.m2/repository/org/springframework/spring-jdbc/6.2.8/spring-jdbc-6.2.8.jar:/Users/fredericocarvalhodealmeidaazevedo/.m2/repository/org/hibernate/orm/hibernate-core/6.6.18.Final/hibernate-core-6.6.18.Final.jar:/Users/fredericocarvalhodealmeidaazevedo/.m2/repository/jakarta/persistence/jakarta.persistence-api/3.1.0/jakarta.persistence-api-3.1.0.jar:/Users/fredericocarvalhodealmeidaazevedo/.m2/repository/jakarta/transaction/jakarta.transaction-api/2.0.1/jakarta.transaction-api-2.0.1.jar:/Users/fredericocarvalhodealmeidaazevedo/.m2/repository/org/jboss/logging/jboss-logging/3.6.1.Final/jboss-logging-3.6.1.Final.jar:/Users/fredericocarvalhodealmeidaazevedo/.m2/repository/org/hibernate/common/hibernate-commons-annotations/7.0.3.Final/hibernate-commons-annotations-7.0.3.Final.jar:/Users/fredericocarvalhodealmeidaazevedo/.m2/repository/io/smallrye/jandex/3.2.0/jandex-3.2.0.jar:/Users/fredericocarvalhodealmeidaazevedo/.m2/repository/com/fasterxml/classmate/1.7.0/classmate-1.7.0.jar:/Users/fredericocarvalhodealmeidaazevedo/.m2/repository/net/bytebuddy/byte-buddy/1.17.6/byte-buddy-1.17.6.jar:/Users/fredericocarvalhodealmeidaazevedo/.m2/repository/org/glassfish/jaxb/jaxb-runtime/4.0.5/jaxb-runtime-4.0.5.jar:/Users/fredericocarvalhodealmeidaazevedo/.m2/repository/org/glassfish/jaxb/jaxb-core/4.0.5/jaxb-core-4.0.5.jar:/Users/fredericocarvalhodealmeidaazevedo/.m2/repository/org/eclipse/angus/angus-activation/2.0.2/angus-activation-2.0.2.jar:/Users/fredericocarvalhodealmeidaazevedo/.m2/repository/org/glassfish/jaxb/txw2/4.0.5/txw2-4.0.5.jar:/Users/fredericocarvalhodealmeidaazevedo/.m2/repository/com/sun/istack/istack-commons-runtime/4.1.2/istack-commons-runtime-4.1.2.jar:/Users/fredericocarvalhodealmeidaazevedo/.m2/repository/jakarta/inject/jakarta.inject-api/2.0.1/jakarta.inject-api-2.0.1.jar:/Users/fredericocarvalhodealmeidaazevedo/.m2/repository/org/antlr/antlr4-runtime/4.13.0/antlr4-runtime-4.13.0.jar:/Users/fredericocarvalhodealmeidaazevedo/.m2/repository/org/springframework/data/spring-data-jpa/3.5.1/spring-data-jpa-3.5.1.jar:/Users/fredericocarvalhodealmeidaazevedo/.m2/repository/org/springframework/data/spring-data-commons/3.5.1/spring-data-commons-3.5.1.jar:/Users/fredericocarvalhodealmeidaazevedo/.m2/repository/org/springframework/spring-orm/6.2.8/spring-orm-6.2.8.jar:/Users/fredericocarvalhodealmeidaazevedo/.m2/repository/org/springframework/spring-context/6.2.8/spring-context-6.2.8.jar:/Users/fredericocarvalhodealmeidaazevedo/.m2/repository/org/springframework/spring-aop/6.2.8/spring-aop-6.2.8.jar:/Users/fredericocarvalhodealmeidaazevedo/.m2/repository/org/springframework/spring-tx/6.2.8/spring-tx-6.2.8.jar:/Users/fredericocarvalhodealmeidaazevedo/.m2/repository/org/springframework/spring-beans/6.2.8/spring-beans-6.2.8.jar:/Users/fredericocarvalhodealmeidaazevedo/.m2/repository/org/slf4j/slf4j-api/2.0.17/slf4j-api-2.0.17.jar:/Users/fredericocarvalhodealmeidaazevedo/.m2/repository/org/springframework/spring-aspects/6.2.8/spring-aspects-6.2.8.jar:/Users/fredericocarvalhodealmeidaazevedo/.m2/repository/org/aspectj/aspectjweaver/1.9.24/aspectjweaver-1.9.24.jar:/Users/fredericocarvalhodealmeidaazevedo/.m2/repository/org/springframework/boot/spring-boot-starter-validation/3.5.3/spring-boot-starter-validation-3.5.3.jar:/Users/fredericocarvalhodealmeidaazevedo/.m2/repository/org/apache/tomcat/embed/tomcat-embed-el/10.1.42/tomcat-embed-el-10.1.42.jar:/Users/fredericocarvalhodealmeidaazevedo/.m2/repository/org/hibernate/validator/hibernate-validator/8.0.2.Final/hibernate-validator-8.0.2.Final.jar:/Users/fredericocarvalhodealmeidaazevedo/.m2/repository/jakarta/validation/jakarta.validation-api/3.0.2/jakarta.validation-api-3.0.2.jar:/Users/fredericocarvalhodealmeidaazevedo/.m2/repository/org/springframework/boot/spring-boot-starter-web/3.5.3/spring-boot-starter-web-3.5.3.jar:/Users/fredericocarvalhodealmeidaazevedo/.m2/repository/org/springframework/boot/spring-boot-starter-json/3.5.3/spring-boot-starter-json-3.5.3.jar:/Users/fredericocarvalhodealmeidaazevedo/.m2/repository/com/fasterxml/jackson/core/jackson-databind/2.19.1/jackson-databind-2.19.1.jar:/Users/fredericocarvalhodealmeidaazevedo/.m2/repository/com/fasterxml/jackson/core/jackson-annotations/2.19.1/jackson-annotations-2.19.1.jar:/Users/fredericocarvalhodealmeidaazevedo/.m2/repository/com/fasterxml/jackson/datatype/jackson-datatype-jdk8/2.19.1/jackson-datatype-jdk8-2.19.1.jar:/Users/fredericocarvalhodealmeidaazevedo/.m2/repository/com/fasterxml/jackson/datatype/jackson-datatype-jsr310/2.19.1/jackson-datatype-jsr310-2.19.1.jar:/Users/fredericocarvalhodealmeidaazevedo/.m2/repository/com/fasterxml/jackson/module/jackson-module-parameter-names/2.19.1/jackson-module-parameter-names-2.19.1.jar:/Users/fredericocarvalhodealmeidaazevedo/.m2/repository/org/springframework/boot/spring-boot-starter-tomcat/3.5.3/spring-boot-starter-tomcat-3.5.3.jar:/Users/fredericocarvalhodealmeidaazevedo/.m2/repository/org/apache/tomcat/embed/tomcat-embed-core/10.1.42/tomcat-embed-core-10.1.42.jar:/Users/fredericocarvalhodealmeidaazevedo/.m2/repository/org/apache/tomcat/embed/tomcat-embed-websocket/10.1.42/tomcat-embed-websocket-10.1.42.jar:/Users/fredericocarvalhodealmeidaazevedo/.m2/repository/org/springframework/spring-web/6.2.8/spring-web-6.2.8.jar:/Users/fredericocarvalhodealmeidaazevedo/.m2/repository/io/micrometer/micrometer-observation/1.15.1/micrometer-observation-1.15.1.jar:/Users/fredericocarvalhodealmeidaazevedo/.m2/repository/io/micrometer/micrometer-commons/1.15.1/micrometer-commons-1.15.1.jar:/Users/fredericocarvalhodealmeidaazevedo/.m2/repository/org/springframework/spring-webmvc/6.2.8/spring-webmvc-6.2.8.jar:/Users/fredericocarvalhodealmeidaazevedo/.m2/repository/org/springframework/spring-expression/6.2.8/spring-expression-6.2.8.jar:/Users/fredericocarvalhodealmeidaazevedo/.m2/repository/org/flywaydb/flyway-core/9.22.0/flyway-core-9.22.0.jar:/Users/fredericocarvalhodealmeidaazevedo/.m2/repository/com/fasterxml/jackson/dataformat/jackson-dataformat-toml/2.19.1/jackson-dataformat-toml-2.19.1.jar:/Users/fredericocarvalhodealmeidaazevedo/.m2/repository/com/fasterxml/jackson/core/jackson-core/2.19.1/jackson-core-2.19.1.jar:/Users/fredericocarvalhodealmeidaazevedo/.m2/repository/com/google/code/gson/gson/2.13.1/gson-2.13.1.jar:/Users/fredericocarvalhodealmeidaazevedo/.m2/repository/com/google/errorprone/error_prone_annotations/2.38.0/error_prone_annotations-2.38.0.jar:/Users/fredericocarvalhodealmeidaazevedo/.m2/repository/org/springframework/boot/spring-boot-devtools/3.5.3/spring-boot-devtools-3.5.3.jar:/Users/fredericocarvalhodealmeidaazevedo/.m2/repository/org/springframework/boot/spring-boot/3.5.3/spring-boot-3.5.3.jar:/Users/fredericocarvalhodealmeidaazevedo/.m2/repository/org/springframework/boot/spring-boot-autoconfigure/3.5.3/spring-boot-autoconfigure-3.5.3.jar:/Users/fredericocarvalhodealmeidaazevedo/.m2/repository/com/mysql/mysql-connector-j/9.2.0/mysql-connector-j-9.2.0.jar:/Users/fredericocarvalhodealmeidaazevedo/.m2/repository/org/mariadb/jdbc/mariadb-java-client/3.5.3/mariadb-java-client-3.5.3.jar:/Users/fredericocarvalhodealmeidaazevedo/.m2/repository/org/projectlombok/lombok/1.18.30/lombok-1.18.30.jar:/Users/fredericocarvalhodealmeidaazevedo/.m2/repository/org/springframework/boot/spring-boot-starter-test/3.5.3/spring-boot-starter-test-3.5.3.jar:/Users/fredericocarvalhodealmeidaazevedo/.m2/repository/org/springframework/boot/spring-boot-test/3.5.3/spring-boot-test-3.5.3.jar:/Users/fredericocarvalhodealmeidaazevedo/.m2/repository/org/springframework/boot/spring-boot-test-autoconfigure/3.5.3/spring-boot-test-autoconfigure-3.5.3.jar:/Users/fredericocarvalhodealmeidaazevedo/.m2/repository/com/jayway/jsonpath/json-path/2.9.0/json-path-2.9.0.jar:/Users/fredericocarvalhodealmeidaazevedo/.m2/repository/jakarta/xml/bind/jakarta.xml.bind-api/4.0.2/jakarta.xml.bind-api-4.0.2.jar:/Users/fredericocarvalhodealmeidaazevedo/.m2/repository/jakarta/activation/jakarta.activation-api/2.1.3/jakarta.activation-api-2.1.3.jar:/Users/fredericocarvalhodealmeidaazevedo/.m2/repository/net/minidev/json-smart/2.5.2/json-smart-2.5.2.jar:/Users/fredericocarvalhodealmeidaazevedo/.m2/repository/net/minidev/accessors-smart/2.5.2/accessors-smart-2.5.2.jar:/Users/fredericocarvalhodealmeidaazevedo/.m2/repository/org/ow2/asm/asm/9.7.1/asm-9.7.1.jar:/Users/fredericocarvalhodealmeidaazevedo/.m2/repository/org/assertj/assertj-core/3.27.3/assertj-core-3.27.3.jar:/Users/fredericocarvalhodealmeidaazevedo/.m2/repository/org/awaitility/awaitility/4.2.2/awaitility-4.2.2.jar:/Users/fredericocarvalhodealmeidaazevedo/.m2/repository/org/hamcrest/hamcrest/3.0/hamcrest-3.0.jar:/Users/fredericocarvalhodealmeidaazevedo/.m2/repository/org/junit/jupiter/junit-jupiter/5.12.2/junit-jupiter-5.12.2.jar:/Users/fredericocarvalhodealmeidaazevedo/.m2/repository/org/junit/jupiter/junit-jupiter-api/5.12.2/junit-jupiter-api-5.12.2.jar:/Users/fredericocarvalhodealmeidaazevedo/.m2/repository/org/opentest4j/opentest4j/1.3.0/opentest4j-1.3.0.jar:/Users/fredericocarvalhodealmeidaazevedo/.m2/repository/org/junit/platform/junit-platform-commons/1.12.2/junit-platform-commons-1.12.2.jar:/Users/fredericocarvalhodealmeidaazevedo/.m2/repository/org/apiguardian/apiguardian-api/1.1.2/apiguardian-api-1.1.2.jar:/Users/fredericocarvalhodealmeidaazevedo/.m2/repository/org/junit/jupiter/junit-jupiter-params/5.12.2/junit-jupiter-params-5.12.2.jar:/Users/fredericocarvalhodealmeidaazevedo/.m2/repository/org/junit/jupiter/junit-jupiter-engine/5.12.2/junit-jupiter-engine-5.12.2.jar:/Users/fredericocarvalhodealmeidaazevedo/.m2/repository/org/junit/platform/junit-platform-engine/1.12.2/junit-platform-engine-1.12.2.jar:/Users/fredericocarvalhodealmeidaazevedo/.m2/repository/org/mockito/mockito-core/5.17.0/mockito-core-5.17.0.jar:/Users/fredericocarvalhodealmeidaazevedo/.m2/repository/net/bytebuddy/byte-buddy-agent/1.17.6/byte-buddy-agent-1.17.6.jar:/Users/fredericocarvalhodealmeidaazevedo/.m2/repository/org/objenesis/objenesis/3.3/objenesis-3.3.jar:/Users/fredericocarvalhodealmeidaazevedo/.m2/repository/org/mockito/mockito-junit-jupiter/5.17.0/mockito-junit-jupiter-5.17.0.jar:/Users/fredericocarvalhodealmeidaazevedo/.m2/repository/org/skyscreamer/jsonassert/1.5.3/jsonassert-1.5.3.jar:/Users/fredericocarvalhodealmeidaazevedo/.m2/repository/com/vaadin/external/google/android-json/0.0.20131108.vaadin1/android-json-0.0.20131108.vaadin1.jar:/Users/fredericocarvalhodealmeidaazevedo/.m2/repository/org/springframework/spring-core/6.2.8/spring-core-6.2.8.jar:/Users/fredericocarvalhodealmeidaazevedo/.m2/repository/org/springframework/spring-jcl/6.2.8/spring-jcl-6.2.8.jar:/Users/fredericocarvalhodealmeidaazevedo/.m2/repository/org/springframework/spring-test/6.2.8/spring-test-6.2.8.jar:/Users/fredericocarvalhodealmeidaazevedo/.m2/repository/org/xmlunit/xmlunit-core/2.10.2/xmlunit-core-2.10.2.jar:/Users/fredericocarvalhodealmeidaazevedo/.m2/repository/org/springdoc/springdoc-openapi-starter-webmvc-ui/2.8.8/springdoc-openapi-starter-webmvc-ui-2.8.8.jar:/Users/fredericocarvalhodealmeidaazevedo/.m2/repository/org/springdoc/springdoc-openapi-starter-webmvc-api/2.8.8/springdoc-openapi-starter-webmvc-api-2.8.8.jar:/Users/fredericocarvalhodealmeidaazevedo/.m2/repository/org/springdoc/springdoc-openapi-starter-common/2.8.8/springdoc-openapi-starter-common-2.8.8.jar:/Users/fredericocarvalhodealmeidaazevedo/.m2/repository/io/swagger/core/v3/swagger-core-jakarta/2.2.30/swagger-core-jakarta-2.2.30.jar:/Users/fredericocarvalhodealmeidaazevedo/.m2/repository/org/apache/commons/commons-lang3/3.17.0/commons-lang3-3.17.0.jar:/Users/fredericocarvalhodealmeidaazevedo/.m2/repository/io/swagger/core/v3/swagger-annotations-jakarta/2.2.30/swagger-annotations-jakarta-2.2.30.jar:/Users/fredericocarvalhodealmeidaazevedo/.m2/repository/io/swagger/core/v3/swagger-models-jakarta/2.2.30/swagger-models-jakarta-2.2.30.jar:/Users/fredericocarvalhodealmeidaazevedo/.m2/repository/com/fasterxml/jackson/dataformat/jackson-dataformat-yaml/2.19.1/jackson-dataformat-yaml-2.19.1.jar:/Users/fredericocarvalhodealmeidaazevedo/.m2/repository/org/webjars/swagger-ui/5.21.0/swagger-ui-5.21.0.jar:/Users/fredericocarvalhodealmeidaazevedo/.m2/repository/org/webjars/webjars-locator-lite/1.1.0/webjars-locator-lite-1.1.0.jar:/Users/fredericocarvalhodealmeidaazevedo/.m2/repository/org/jspecify/jspecify/1.0.0/jspecify-1.0.0.jar:/Users/fredericocarvalhodealmeidaazevedo/.m2/repository/org/mapstruct/mapstruct/1.5.5.Final/mapstruct-1.5.5.Final.jar:/Users/fredericocarvalhodealmeidaazevedo/.m2/repository/org/postgresql/postgresql/42.6.0/postgresql-42.6.0.jar:/Users/fredericocarvalhodealmeidaazevedo/.m2/repository/org/checkerframework/checker-qual/3.31.0/checker-qual-3.31.0.jar:"/>
    <property name="java.vm.vendor" value="Homebrew"/>
    <property name="sun.arch.data.model" value="64"/>
    <property name="java.vendor.url" value="https://github.com/Homebrew/homebrew-core/issues"/>
    <property name="user.timezone" value="America/Sao_Paulo"/>
    <property name="org.jboss.logging.provider" value="slf4j"/>
    <property name="os.name" value="Mac OS X"/>
    <property name="java.vm.specification.version" value="23"/>
    <property name="APPLICATION_NAME" value="vr"/>
    <property name="sun.java.launcher" value="SUN_STANDARD"/>
    <property name="user.country" value="BR"/>
    <property name="sun.boot.library.path" value="/usr/local/Cellar/openjdk/23.0.2/libexec/openjdk.jdk/Contents/Home/lib"/>
    <property name="sun.java.command" value="/Users/fredericocarvalhodealmeidaazevedo/Documents/Desenvolvimento/VR/teste-vr/target/surefire/surefirebooter-20250709225221746_3.jar /Users/fredericocarvalhodealmeidaazevedo/Documents/Desenvolvimento/VR/teste-vr/target/surefire 2025-07-09T22-52-21_681-jvmRun1 surefire-20250709225221746_1tmp surefire_0-20250709225221746_2tmp"/>
    <property name="http.nonProxyHosts" value="local|*.local|169.254/16|*.169.254/16"/>
    <property name="jdk.debug" value="release"/>
    <property name="surefire.test.class.path" value="/Users/fredericocarvalhodealmeidaazevedo/Documents/Desenvolvimento/VR/teste-vr/target/test-classes:/Users/fredericocarvalhodealmeidaazevedo/Documents/Desenvolvimento/VR/teste-vr/target/classes:/Users/fredericocarvalhodealmeidaazevedo/.m2/repository/org/springframework/boot/spring-boot-starter-data-jpa/3.5.3/spring-boot-starter-data-jpa-3.5.3.jar:/Users/fredericocarvalhodealmeidaazevedo/.m2/repository/org/springframework/boot/spring-boot-starter/3.5.3/spring-boot-starter-3.5.3.jar:/Users/fredericocarvalhodealmeidaazevedo/.m2/repository/org/springframework/boot/spring-boot-starter-logging/3.5.3/spring-boot-starter-logging-3.5.3.jar:/Users/fredericocarvalhodealmeidaazevedo/.m2/repository/ch/qos/logback/logback-classic/1.5.18/logback-classic-1.5.18.jar:/Users/fredericocarvalhodealmeidaazevedo/.m2/repository/ch/qos/logback/logback-core/1.5.18/logback-core-1.5.18.jar:/Users/fredericocarvalhodealmeidaazevedo/.m2/repository/org/apache/logging/log4j/log4j-to-slf4j/2.24.3/log4j-to-slf4j-2.24.3.jar:/Users/fredericocarvalhodealmeidaazevedo/.m2/repository/org/apache/logging/log4j/log4j-api/2.24.3/log4j-api-2.24.3.jar:/Users/fredericocarvalhodealmeidaazevedo/.m2/repository/org/slf4j/jul-to-slf4j/2.0.17/jul-to-slf4j-2.0.17.jar:/Users/fredericocarvalhodealmeidaazevedo/.m2/repository/jakarta/annotation/jakarta.annotation-api/2.1.1/jakarta.annotation-api-2.1.1.jar:/Users/fredericocarvalhodealmeidaazevedo/.m2/repository/org/yaml/snakeyaml/2.4/snakeyaml-2.4.jar:/Users/fredericocarvalhodealmeidaazevedo/.m2/repository/org/springframework/boot/spring-boot-starter-jdbc/3.5.3/spring-boot-starter-jdbc-3.5.3.jar:/Users/fredericocarvalhodealmeidaazevedo/.m2/repository/com/zaxxer/HikariCP/6.3.0/HikariCP-6.3.0.jar:/Users/fredericocarvalhodealmeidaazevedo/.m2/repository/org/springframework/spring-jdbc/6.2.8/spring-jdbc-6.2.8.jar:/Users/fredericocarvalhodealmeidaazevedo/.m2/repository/org/hibernate/orm/hibernate-core/6.6.18.Final/hibernate-core-6.6.18.Final.jar:/Users/fredericocarvalhodealmeidaazevedo/.m2/repository/jakarta/persistence/jakarta.persistence-api/3.1.0/jakarta.persistence-api-3.1.0.jar:/Users/fredericocarvalhodealmeidaazevedo/.m2/repository/jakarta/transaction/jakarta.transaction-api/2.0.1/jakarta.transaction-api-2.0.1.jar:/Users/fredericocarvalhodealmeidaazevedo/.m2/repository/org/jboss/logging/jboss-logging/3.6.1.Final/jboss-logging-3.6.1.Final.jar:/Users/fredericocarvalhodealmeidaazevedo/.m2/repository/org/hibernate/common/hibernate-commons-annotations/7.0.3.Final/hibernate-commons-annotations-7.0.3.Final.jar:/Users/fredericocarvalhodealmeidaazevedo/.m2/repository/io/smallrye/jandex/3.2.0/jandex-3.2.0.jar:/Users/fredericocarvalhodealmeidaazevedo/.m2/repository/com/fasterxml/classmate/1.7.0/classmate-1.7.0.jar:/Users/fredericocarvalhodealmeidaazevedo/.m2/repository/net/bytebuddy/byte-buddy/1.17.6/byte-buddy-1.17.6.jar:/Users/fredericocarvalhodealmeidaazevedo/.m2/repository/org/glassfish/jaxb/jaxb-runtime/4.0.5/jaxb-runtime-4.0.5.jar:/Users/fredericocarvalhodealmeidaazevedo/.m2/repository/org/glassfish/jaxb/jaxb-core/4.0.5/jaxb-core-4.0.5.jar:/Users/fredericocarvalhodealmeidaazevedo/.m2/repository/org/eclipse/angus/angus-activation/2.0.2/angus-activation-2.0.2.jar:/Users/fredericocarvalhodealmeidaazevedo/.m2/repository/org/glassfish/jaxb/txw2/4.0.5/txw2-4.0.5.jar:/Users/fredericocarvalhodealmeidaazevedo/.m2/repository/com/sun/istack/istack-commons-runtime/4.1.2/istack-commons-runtime-4.1.2.jar:/Users/fredericocarvalhodealmeidaazevedo/.m2/repository/jakarta/inject/jakarta.inject-api/2.0.1/jakarta.inject-api-2.0.1.jar:/Users/fredericocarvalhodealmeidaazevedo/.m2/repository/org/antlr/antlr4-runtime/4.13.0/antlr4-runtime-4.13.0.jar:/Users/fredericocarvalhodealmeidaazevedo/.m2/repository/org/springframework/data/spring-data-jpa/3.5.1/spring-data-jpa-3.5.1.jar:/Users/fredericocarvalhodealmeidaazevedo/.m2/repository/org/springframework/data/spring-data-commons/3.5.1/spring-data-commons-3.5.1.jar:/Users/fredericocarvalhodealmeidaazevedo/.m2/repository/org/springframework/spring-orm/6.2.8/spring-orm-6.2.8.jar:/Users/fredericocarvalhodealmeidaazevedo/.m2/repository/org/springframework/spring-context/6.2.8/spring-context-6.2.8.jar:/Users/fredericocarvalhodealmeidaazevedo/.m2/repository/org/springframework/spring-aop/6.2.8/spring-aop-6.2.8.jar:/Users/fredericocarvalhodealmeidaazevedo/.m2/repository/org/springframework/spring-tx/6.2.8/spring-tx-6.2.8.jar:/Users/fredericocarvalhodealmeidaazevedo/.m2/repository/org/springframework/spring-beans/6.2.8/spring-beans-6.2.8.jar:/Users/fredericocarvalhodealmeidaazevedo/.m2/repository/org/slf4j/slf4j-api/2.0.17/slf4j-api-2.0.17.jar:/Users/fredericocarvalhodealmeidaazevedo/.m2/repository/org/springframework/spring-aspects/6.2.8/spring-aspects-6.2.8.jar:/Users/fredericocarvalhodealmeidaazevedo/.m2/repository/org/aspectj/aspectjweaver/1.9.24/aspectjweaver-1.9.24.jar:/Users/fredericocarvalhodealmeidaazevedo/.m2/repository/org/springframework/boot/spring-boot-starter-validation/3.5.3/spring-boot-starter-validation-3.5.3.jar:/Users/fredericocarvalhodealmeidaazevedo/.m2/repository/org/apache/tomcat/embed/tomcat-embed-el/10.1.42/tomcat-embed-el-10.1.42.jar:/Users/fredericocarvalhodealmeidaazevedo/.m2/repository/org/hibernate/validator/hibernate-validator/8.0.2.Final/hibernate-validator-8.0.2.Final.jar:/Users/fredericocarvalhodealmeidaazevedo/.m2/repository/jakarta/validation/jakarta.validation-api/3.0.2/jakarta.validation-api-3.0.2.jar:/Users/fredericocarvalhodealmeidaazevedo/.m2/repository/org/springframework/boot/spring-boot-starter-web/3.5.3/spring-boot-starter-web-3.5.3.jar:/Users/fredericocarvalhodealmeidaazevedo/.m2/repository/org/springframework/boot/spring-boot-starter-json/3.5.3/spring-boot-starter-json-3.5.3.jar:/Users/fredericocarvalhodealmeidaazevedo/.m2/repository/com/fasterxml/jackson/core/jackson-databind/2.19.1/jackson-databind-2.19.1.jar:/Users/fredericocarvalhodealmeidaazevedo/.m2/repository/com/fasterxml/jackson/core/jackson-annotations/2.19.1/jackson-annotations-2.19.1.jar:/Users/fredericocarvalhodealmeidaazevedo/.m2/repository/com/fasterxml/jackson/datatype/jackson-datatype-jdk8/2.19.1/jackson-datatype-jdk8-2.19.1.jar:/Users/fredericocarvalhodealmeidaazevedo/.m2/repository/com/fasterxml/jackson/datatype/jackson-datatype-jsr310/2.19.1/jackson-datatype-jsr310-2.19.1.jar:/Users/fredericocarvalhodealmeidaazevedo/.m2/repository/com/fasterxml/jackson/module/jackson-module-parameter-names/2.19.1/jackson-module-parameter-names-2.19.1.jar:/Users/fredericocarvalhodealmeidaazevedo/.m2/repository/org/springframework/boot/spring-boot-starter-tomcat/3.5.3/spring-boot-starter-tomcat-3.5.3.jar:/Users/fredericocarvalhodealmeidaazevedo/.m2/repository/org/apache/tomcat/embed/tomcat-embed-core/10.1.42/tomcat-embed-core-10.1.42.jar:/Users/fredericocarvalhodealmeidaazevedo/.m2/repository/org/apache/tomcat/embed/tomcat-embed-websocket/10.1.42/tomcat-embed-websocket-10.1.42.jar:/Users/fredericocarvalhodealmeidaazevedo/.m2/repository/org/springframework/spring-web/6.2.8/spring-web-6.2.8.jar:/Users/fredericocarvalhodealmeidaazevedo/.m2/repository/io/micrometer/micrometer-observation/1.15.1/micrometer-observation-1.15.1.jar:/Users/fredericocarvalhodealmeidaazevedo/.m2/repository/io/micrometer/micrometer-commons/1.15.1/micrometer-commons-1.15.1.jar:/Users/fredericocarvalhodealmeidaazevedo/.m2/repository/org/springframework/spring-webmvc/6.2.8/spring-webmvc-6.2.8.jar:/Users/fredericocarvalhodealmeidaazevedo/.m2/repository/org/springframework/spring-expression/6.2.8/spring-expression-6.2.8.jar:/Users/fredericocarvalhodealmeidaazevedo/.m2/repository/org/flywaydb/flyway-core/9.22.0/flyway-core-9.22.0.jar:/Users/fredericocarvalhodealmeidaazevedo/.m2/repository/com/fasterxml/jackson/dataformat/jackson-dataformat-toml/2.19.1/jackson-dataformat-toml-2.19.1.jar:/Users/fredericocarvalhodealmeidaazevedo/.m2/repository/com/fasterxml/jackson/core/jackson-core/2.19.1/jackson-core-2.19.1.jar:/Users/fredericocarvalhodealmeidaazevedo/.m2/repository/com/google/code/gson/gson/2.13.1/gson-2.13.1.jar:/Users/fredericocarvalhodealmeidaazevedo/.m2/repository/com/google/errorprone/error_prone_annotations/2.38.0/error_prone_annotations-2.38.0.jar:/Users/fredericocarvalhodealmeidaazevedo/.m2/repository/org/springframework/boot/spring-boot-devtools/3.5.3/spring-boot-devtools-3.5.3.jar:/Users/fredericocarvalhodealmeidaazevedo/.m2/repository/org/springframework/boot/spring-boot/3.5.3/spring-boot-3.5.3.jar:/Users/fredericocarvalhodealmeidaazevedo/.m2/repository/org/springframework/boot/spring-boot-autoconfigure/3.5.3/spring-boot-autoconfigure-3.5.3.jar:/Users/fredericocarvalhodealmeidaazevedo/.m2/repository/com/mysql/mysql-connector-j/9.2.0/mysql-connector-j-9.2.0.jar:/Users/fredericocarvalhodealmeidaazevedo/.m2/repository/org/mariadb/jdbc/mariadb-java-client/3.5.3/mariadb-java-client-3.5.3.jar:/Users/fredericocarvalhodealmeidaazevedo/.m2/repository/org/projectlombok/lombok/1.18.30/lombok-1.18.30.jar:/Users/fredericocarvalhodealmeidaazevedo/.m2/repository/org/springframework/boot/spring-boot-starter-test/3.5.3/spring-boot-starter-test-3.5.3.jar:/Users/fredericocarvalhodealmeidaazevedo/.m2/repository/org/springframework/boot/spring-boot-test/3.5.3/spring-boot-test-3.5.3.jar:/Users/fredericocarvalhodealmeidaazevedo/.m2/repository/org/springframework/boot/spring-boot-test-autoconfigure/3.5.3/spring-boot-test-autoconfigure-3.5.3.jar:/Users/fredericocarvalhodealmeidaazevedo/.m2/repository/com/jayway/jsonpath/json-path/2.9.0/json-path-2.9.0.jar:/Users/fredericocarvalhodealmeidaazevedo/.m2/repository/jakarta/xml/bind/jakarta.xml.bind-api/4.0.2/jakarta.xml.bind-api-4.0.2.jar:/Users/fredericocarvalhodealmeidaazevedo/.m2/repository/jakarta/activation/jakarta.activation-api/2.1.3/jakarta.activation-api-2.1.3.jar:/Users/fredericocarvalhodealmeidaazevedo/.m2/repository/net/minidev/json-smart/2.5.2/json-smart-2.5.2.jar:/Users/fredericocarvalhodealmeidaazevedo/.m2/repository/net/minidev/accessors-smart/2.5.2/accessors-smart-2.5.2.jar:/Users/fredericocarvalhodealmeidaazevedo/.m2/repository/org/ow2/asm/asm/9.7.1/asm-9.7.1.jar:/Users/fredericocarvalhodealmeidaazevedo/.m2/repository/org/assertj/assertj-core/3.27.3/assertj-core-3.27.3.jar:/Users/fredericocarvalhodealmeidaazevedo/.m2/repository/org/awaitility/awaitility/4.2.2/awaitility-4.2.2.jar:/Users/fredericocarvalhodealmeidaazevedo/.m2/repository/org/hamcrest/hamcrest/3.0/hamcrest-3.0.jar:/Users/fredericocarvalhodealmeidaazevedo/.m2/repository/org/junit/jupiter/junit-jupiter/5.12.2/junit-jupiter-5.12.2.jar:/Users/fredericocarvalhodealmeidaazevedo/.m2/repository/org/junit/jupiter/junit-jupiter-api/5.12.2/junit-jupiter-api-5.12.2.jar:/Users/fredericocarvalhodealmeidaazevedo/.m2/repository/org/opentest4j/opentest4j/1.3.0/opentest4j-1.3.0.jar:/Users/fredericocarvalhodealmeidaazevedo/.m2/repository/org/junit/platform/junit-platform-commons/1.12.2/junit-platform-commons-1.12.2.jar:/Users/fredericocarvalhodealmeidaazevedo/.m2/repository/org/apiguardian/apiguardian-api/1.1.2/apiguardian-api-1.1.2.jar:/Users/fredericocarvalhodealmeidaazevedo/.m2/repository/org/junit/jupiter/junit-jupiter-params/5.12.2/junit-jupiter-params-5.12.2.jar:/Users/fredericocarvalhodealmeidaazevedo/.m2/repository/org/junit/jupiter/junit-jupiter-engine/5.12.2/junit-jupiter-engine-5.12.2.jar:/Users/fredericocarvalhodealmeidaazevedo/.m2/repository/org/junit/platform/junit-platform-engine/1.12.2/junit-platform-engine-1.12.2.jar:/Users/fredericocarvalhodealmeidaazevedo/.m2/repository/org/mockito/mockito-core/5.17.0/mockito-core-5.17.0.jar:/Users/fredericocarvalhodealmeidaazevedo/.m2/repository/net/bytebuddy/byte-buddy-agent/1.17.6/byte-buddy-agent-1.17.6.jar:/Users/fredericocarvalhodealmeidaazevedo/.m2/repository/org/objenesis/objenesis/3.3/objenesis-3.3.jar:/Users/fredericocarvalhodealmeidaazevedo/.m2/repository/org/mockito/mockito-junit-jupiter/5.17.0/mockito-junit-jupiter-5.17.0.jar:/Users/fredericocarvalhodealmeidaazevedo/.m2/repository/org/skyscreamer/jsonassert/1.5.3/jsonassert-1.5.3.jar:/Users/fredericocarvalhodealmeidaazevedo/.m2/repository/com/vaadin/external/google/android-json/0.0.20131108.vaadin1/android-json-0.0.20131108.vaadin1.jar:/Users/fredericocarvalhodealmeidaazevedo/.m2/repository/org/springframework/spring-core/6.2.8/spring-core-6.2.8.jar:/Users/fredericocarvalhodealmeidaazevedo/.m2/repository/org/springframework/spring-jcl/6.2.8/spring-jcl-6.2.8.jar:/Users/fredericocarvalhodealmeidaazevedo/.m2/repository/org/springframework/spring-test/6.2.8/spring-test-6.2.8.jar:/Users/fredericocarvalhodealmeidaazevedo/.m2/repository/org/xmlunit/xmlunit-core/2.10.2/xmlunit-core-2.10.2.jar:/Users/fredericocarvalhodealmeidaazevedo/.m2/repository/org/springdoc/springdoc-openapi-starter-webmvc-ui/2.8.8/springdoc-openapi-starter-webmvc-ui-2.8.8.jar:/Users/fredericocarvalhodealmeidaazevedo/.m2/repository/org/springdoc/springdoc-openapi-starter-webmvc-api/2.8.8/springdoc-openapi-starter-webmvc-api-2.8.8.jar:/Users/fredericocarvalhodealmeidaazevedo/.m2/repository/org/springdoc/springdoc-openapi-starter-common/2.8.8/springdoc-openapi-starter-common-2.8.8.jar:/Users/fredericocarvalhodealmeidaazevedo/.m2/repository/io/swagger/core/v3/swagger-core-jakarta/2.2.30/swagger-core-jakarta-2.2.30.jar:/Users/fredericocarvalhodealmeidaazevedo/.m2/repository/org/apache/commons/commons-lang3/3.17.0/commons-lang3-3.17.0.jar:/Users/fredericocarvalhodealmeidaazevedo/.m2/repository/io/swagger/core/v3/swagger-annotations-jakarta/2.2.30/swagger-annotations-jakarta-2.2.30.jar:/Users/fredericocarvalhodealmeidaazevedo/.m2/repository/io/swagger/core/v3/swagger-models-jakarta/2.2.30/swagger-models-jakarta-2.2.30.jar:/Users/fredericocarvalhodealmeidaazevedo/.m2/repository/com/fasterxml/jackson/dataformat/jackson-dataformat-yaml/2.19.1/jackson-dataformat-yaml-2.19.1.jar:/Users/fredericocarvalhodealmeidaazevedo/.m2/repository/org/webjars/swagger-ui/5.21.0/swagger-ui-5.21.0.jar:/Users/fredericocarvalhodealmeidaazevedo/.m2/repository/org/webjars/webjars-locator-lite/1.1.0/webjars-locator-lite-1.1.0.jar:/Users/fredericocarvalhodealmeidaazevedo/.m2/repository/org/jspecify/jspecify/1.0.0/jspecify-1.0.0.jar:/Users/fredericocarvalhodealmeidaazevedo/.m2/repository/org/mapstruct/mapstruct/1.5.5.Final/mapstruct-1.5.5.Final.jar:/Users/fredericocarvalhodealmeidaazevedo/.m2/repository/org/postgresql/postgresql/42.6.0/postgresql-42.6.0.jar:/Users/fredericocarvalhodealmeidaazevedo/.m2/repository/org/checkerframework/checker-qual/3.31.0/checker-qual-3.31.0.jar:"/>
    <property name="sun.cpu.endian" value="little"/>
    <property name="user.home" value="/Users/fredericocarvalhodealmeidaazevedo"/>
    <property name="user.language" value="pt"/>
    <property name="java.specification.vendor" value="Oracle Corporation"/>
    <property name="java.version.date" value="2025-01-21"/>
    <property name="java.home" value="/usr/local/Cellar/openjdk/23.0.2/libexec/openjdk.jdk/Contents/Home"/>
    <property name="file.separator" value="/"/>
    <property name="basedir" value="/Users/fredericocarvalhodealmeidaazevedo/Documents/Desenvolvimento/VR/teste-vr"/>
    <property name="java.vm.compressedOopsMode" value="Zero based"/>
    <property name="line.separator" value="&#10;"/>
    <property name="java.vm.specification.vendor" value="Oracle Corporation"/>
    <property name="java.specification.name" value="Java Platform API Specification"/>
    <property name="FILE_LOG_CHARSET" value="UTF-8"/>
    <property name="java.awt.headless" value="true"/>
    <property name="apple.awt.application.name" value="ForkedBooter"/>
    <property name="surefire.real.class.path" value="/Users/fredericocarvalhodealmeidaazevedo/Documents/Desenvolvimento/VR/teste-vr/target/surefire/surefirebooter-20250709225221746_3.jar"/>
    <property name="sun.management.compiler" value="HotSpot 64-Bit Tiered Compilers"/>
    <property name="ftp.nonProxyHosts" value="local|*.local|169.254/16|*.169.254/16"/>
    <property name="java.runtime.version" value="23.0.2"/>
    <property name="user.name" value="fredericocarvalhodealmeidaazevedo"/>
    <property name="stdout.encoding" value="UTF-8"/>
    <property name="path.separator" value=":"/>
    <property name="os.version" value="15.5"/>
    <property name="java.runtime.name" value="OpenJDK Runtime Environment"/>
    <property name="file.encoding" value="UTF-8"/>
    <property name="java.vm.name" value="OpenJDK 64-Bit Server VM"/>
    <property name="java.vendor.version" value="Homebrew"/>
    <property name="localRepository" value="/Users/fredericocarvalhodealmeidaazevedo/.m2/repository"/>
    <property name="java.vendor.url.bug" value="https://github.com/Homebrew/homebrew-core/issues"/>
    <property name="java.io.tmpdir" value="/var/folders/0l/bs60m7ws5qsgmd8vyz0w55cr0000gn/T/"/>
    <property name="com.zaxxer.hikari.pool_number" value="1"/>
    <property name="java.version" value="23.0.2"/>
    <property name="user.dir" value="/Users/fredericocarvalhodealmeidaazevedo/Documents/Desenvolvimento/VR/teste-vr"/>
    <property name="os.arch" value="x86_64"/>
    <property name="java.vm.specification.name" value="Java Virtual Machine Specification"/>
    <property name="PID" value="63182"/>
    <property name="CONSOLE_LOG_CHARSET" value="UTF-8"/>
    <property name="native.encoding" value="UTF-8"/>
    <property name="java.library.path" value="/Users/fredericocarvalhodealmeidaazevedo/Library/Java/Extensions:/Library/Java/Extensions:/Network/Library/Java/Extensions:/System/Library/Java/Extensions:/usr/lib/java:."/>
    <property name="java.vm.info" value="mixed mode, sharing"/>
    <property name="stderr.encoding" value="UTF-8"/>
    <property name="java.vendor" value="Homebrew"/>
    <property name="java.vm.version" value="23.0.2"/>
    <property name="sun.io.unicode.encoding" value="UnicodeBig"/>
    <property name="socksNonProxyHosts" value="local|*.local|169.254/16|*.169.254/16"/>
    <property name="java.class.version" value="67.0"/>
    <property name="LOGGED_APPLICATION_NAME" value="[vr] "/>
  </properties>
  <testcase name="contextLoads" classname="br.com.frederico.vr.VrApplicationTests" time="0.357">
    <system-out><![CDATA[22:52:22.446 [main] INFO org.springframework.test.context.support.AnnotationConfigContextLoaderUtils -- Could not detect default configuration classes for test class [br.com.frederico.vr.VrApplicationTests]: VrApplicationTests does not declare any static, non-private, non-final, nested classes annotated with @Configuration.
22:52:22.539 [main] INFO org.springframework.boot.test.context.SpringBootTestContextBootstrapper -- Found @SpringBootConfiguration br.com.frederico.vr.VrApplication for test class br.com.frederico.vr.VrApplicationTests
22:52:22.651 [main] INFO org.springframework.boot.devtools.restart.RestartApplicationListener -- Restart disabled due to context in which it is running

  .   ____          _            __ _ _
 /\\ / ___'_ __ _ _(_)_ __  __ _ \ \ \ \
( ( )\___ | '_ | '_| | '_ \/ _` | \ \ \ \
 \\/  ___)| |_)| | | | | || (_| |  ) ) ) )
  '  |____| .__|_| |_|_| |_\__, | / / / /
 =========|_|==============|___/=/_/_/_/

 :: Spring Boot ::                (v3.5.3)

2025-07-09T22:52:22.849-03:00  INFO 63182 --- [vr] [           main] br.com.frederico.vr.VrApplicationTests   : Starting VrApplicationTests using Java 23.0.2 with PID 63182 (started by fredericocarvalhodealmeidaazevedo in /Users/fredericocarvalhodealmeidaazevedo/Documents/Desenvolvimento/VR/teste-vr)
2025-07-09T22:52:22.851-03:00  INFO 63182 --- [vr] [           main] br.com.frederico.vr.VrApplicationTests   : No active profile set, falling back to 1 default profile: "default"
2025-07-09T22:52:23.428-03:00  INFO 63182 --- [vr] [           main] .s.d.r.c.RepositoryConfigurationDelegate : Bootstrapping Spring Data JPA repositories in DEFAULT mode.
2025-07-09T22:52:23.473-03:00  INFO 63182 --- [vr] [           main] .s.d.r.c.RepositoryConfigurationDelegate : Finished Spring Data repository scanning in 39 ms. Found 1 JPA repository interface.
2025-07-09T22:52:23.779-03:00  INFO 63182 --- [vr] [           main] com.zaxxer.hikari.HikariDataSource       : HikariPool-1 - Starting...
2025-07-09T22:52:23.958-03:00  INFO 63182 --- [vr] [           main] com.zaxxer.hikari.pool.HikariPool        : HikariPool-1 - Added connection org.postgresql.jdbc.PgConnection@1118d539
2025-07-09T22:52:23.960-03:00  INFO 63182 --- [vr] [           main] com.zaxxer.hikari.HikariDataSource       : HikariPool-1 - Start completed.
2025-07-09T22:52:24.021-03:00  INFO 63182 --- [vr] [           main] o.f.c.internal.license.VersionPrinter    : Flyway Community Edition 9.22.0 by Redgate
2025-07-09T22:52:24.021-03:00  INFO 63182 --- [vr] [           main] o.f.c.internal.license.VersionPrinter    : See release notes here: https://rd.gt/416ObMi
2025-07-09T22:52:24.022-03:00  INFO 63182 --- [vr] [           main] o.f.c.internal.license.VersionPrinter    : 
2025-07-09T22:52:24.031-03:00  INFO 63182 --- [vr] [           main] org.flywaydb.core.FlywayExecutor         : Database: jdbc:postgresql://localhost:5432/vr (PostgreSQL 17.2)
2025-07-09T22:52:24.036-03:00  WARN 63182 --- [vr] [           main] o.f.c.internal.database.base.Database    : Flyway upgrade recommended: PostgreSQL 17.2 is newer than this version of Flyway and support has not been tested. The latest supported version of PostgreSQL is 15.
2025-07-09T22:52:24.058-03:00  INFO 63182 --- [vr] [           main] o.f.core.internal.command.DbValidate     : Successfully validated 1 migration (execution time 00:00.015s)
2025-07-09T22:52:24.112-03:00  INFO 63182 --- [vr] [           main] o.f.core.internal.command.DbMigrate      : Current version of schema "public": 01
2025-07-09T22:52:24.114-03:00  INFO 63182 --- [vr] [           main] o.f.core.internal.command.DbMigrate      : Schema "public" is up to date. No migration necessary.
2025-07-09T22:52:24.177-03:00  INFO 63182 --- [vr] [           main] o.hibernate.jpa.internal.util.LogHelper  : HHH000204: Processing PersistenceUnitInfo [name: default]
2025-07-09T22:52:24.214-03:00  INFO 63182 --- [vr] [           main] org.hibernate.Version                    : HHH000412: Hibernate ORM core version 6.6.18.Final
2025-07-09T22:52:24.237-03:00  INFO 63182 --- [vr] [           main] o.h.c.internal.RegionFactoryInitiator    : HHH000026: Second-level cache disabled
2025-07-09T22:52:24.432-03:00  INFO 63182 --- [vr] [           main] o.s.o.j.p.SpringPersistenceUnitInfo      : No LoadTimeWeaver setup: ignoring JPA class transformer
2025-07-09T22:52:24.467-03:00  WARN 63182 --- [vr] [           main] org.hibernate.orm.deprecation            : HHH90000025: PostgreSQLDialect does not need to be specified explicitly using 'hibernate.dialect' (remove the property setting and it will be selected by default)
2025-07-09T22:52:24.477-03:00  INFO 63182 --- [vr] [           main] org.hibernate.orm.connections.pooling    : HHH10001005: Database info:
	Database JDBC URL [Connecting through datasource 'HikariDataSource (HikariPool-1)']
	Database driver: undefined/unknown
	Database version: 17.2
	Autocommit mode: undefined/unknown
	Isolation level: undefined/unknown
	Minimum pool size: undefined/unknown
	Maximum pool size: undefined/unknown
2025-07-09T22:52:25.086-03:00  INFO 63182 --- [vr] [           main] o.h.e.t.j.p.i.JtaPlatformInitiator       : HHH000489: No JTA platform available (set 'hibernate.transaction.jta.platform' to enable JTA platform integration)
2025-07-09T22:52:25.111-03:00  INFO 63182 --- [vr] [           main] j.LocalContainerEntityManagerFactoryBean : Initialized JPA EntityManagerFactory for persistence unit 'default'
2025-07-09T22:52:25.334-03:00  INFO 63182 --- [vr] [           main] o.s.d.j.r.query.QueryEnhancerFactory     : Hibernate is in classpath; If applicable, HQL parser will be used.
2025-07-09T22:52:26.249-03:00  WARN 63182 --- [vr] [           main] JpaBaseConfiguration$JpaWebConfiguration : spring.jpa.open-in-view is enabled by default. Therefore, database queries may be performed during view rendering. Explicitly configure spring.jpa.open-in-view to disable this warning
2025-07-09T22:52:26.617-03:00  INFO 63182 --- [vr] [           main] br.com.frederico.vr.VrApplicationTests   : Started VrApplicationTests in 3.972 seconds (process running for 4.794)
]]></system-out>
    <system-err><![CDATA[Mockito is currently self-attaching to enable the inline-mock-maker. This will no longer work in future releases of the JDK. Please add Mockito as an agent to your build as described in Mockito's documentation: https://javadoc.io/doc/org.mockito/mockito-core/latest/org.mockito/org/mockito/Mockito.html#0.3
WARNING: A Java agent has been loaded dynamically (/Users/fredericocarvalhodealmeidaazevedo/.m2/repository/net/bytebuddy/byte-buddy-agent/1.17.6/byte-buddy-agent-1.17.6.jar)
WARNING: If a serviceability tool is in use, please run with -XX:+EnableDynamicAgentLoading to hide this warning
WARNING: If a serviceability tool is not in use, please run with -Djdk.instrument.traceUsage for more information
WARNING: Dynamic loading of agents will be disallowed by default in a future release
]]></system-err>
  </testcase>
</testsuite>